2023-11-02T07:44:50.481+03:00  INFO 87475 --- [restartedMain] evelopmentBootcampSpringReactApplication : Starting IntermediateFullStackDevelopmentBootcampSpringReactApplication using Java 17.0.9 with PID 87475 (/Users/omer/Desktop/projects/IntermediateFullStactDevelopment_Bootcamp_SpringReact/target/classes started by omer in /Users/omer/Desktop/projects/IntermediateFullStactDevelopment_Bootcamp_SpringReact)
2023-11-02T07:44:50.482+03:00  INFO 87475 --- [restartedMain] evelopmentBootcampSpringReactApplication : The following 1 profile is active: "frontend"
2023-11-02T07:44:50.503+03:00  INFO 87475 --- [restartedMain] .e.DevToolsPropertyDefaultsPostProcessor : Devtools property defaults active! Set 'spring.devtools.add-properties' to 'false' to disable
2023-11-02T07:44:50.504+03:00  INFO 87475 --- [restartedMain] .e.DevToolsPropertyDefaultsPostProcessor : For additional web related logging consider setting the 'logging.level.web' property to 'DEBUG'
2023-11-02T07:44:51.000+03:00  INFO 87475 --- [restartedMain] .s.d.r.c.RepositoryConfigurationDelegate : Bootstrapping Spring Data JPA repositories in DEFAULT mode.
2023-11-02T07:44:51.010+03:00  INFO 87475 --- [restartedMain] .s.d.r.c.RepositoryConfigurationDelegate : Finished Spring Data repository scanning in 5 ms. Found 0 JPA repository interfaces.
2023-11-02T07:44:51.283+03:00  INFO 87475 --- [restartedMain] o.s.b.w.embedded.tomcat.TomcatWebServer  : Tomcat initialized with port(s): 4444 (http)
2023-11-02T07:44:51.288+03:00  INFO 87475 --- [restartedMain] o.apache.catalina.core.StandardService   : Starting service [Tomcat]
2023-11-02T07:44:51.288+03:00  INFO 87475 --- [restartedMain] o.apache.catalina.core.StandardEngine    : Starting Servlet engine: [Apache Tomcat/10.1.15]
2023-11-02T07:44:51.313+03:00  INFO 87475 --- [restartedMain] o.a.c.c.C.[Tomcat].[localhost].[/]       : Initializing Spring embedded WebApplicationContext
2023-11-02T07:44:51.314+03:00  INFO 87475 --- [restartedMain] w.s.c.ServletWebServerApplicationContext : Root WebApplicationContext: initialization completed in 810 ms
2023-11-02T07:44:51.355+03:00  INFO 87475 --- [restartedMain] com.zaxxer.hikari.HikariDataSource       : HikariPool-1 - Starting...
2023-11-02T07:44:51.468+03:00  INFO 87475 --- [restartedMain] com.zaxxer.hikari.pool.HikariPool        : HikariPool-1 - Added connection conn0: url=jdbc:h2:file:./memory_persist/blog user=SA
2023-11-02T07:44:51.469+03:00  INFO 87475 --- [restartedMain] com.zaxxer.hikari.HikariDataSource       : HikariPool-1 - Start completed.
2023-11-02T07:44:51.474+03:00  INFO 87475 --- [restartedMain] o.s.b.a.h2.H2ConsoleAutoConfiguration    : H2 console available at '/h2-console'. Database available at 'jdbc:h2:file:./memory_persist/blog'
2023-11-02T07:44:51.505+03:00 DEBUG 87475 --- [restartedMain] o.s.w.f.ServerHttpObservationFilter      : Filter 'webMvcObservationFilter' configured for use
2023-11-02T07:44:51.505+03:00 DEBUG 87475 --- [restartedMain] o.s.w.s.r.ResourceUrlEncodingFilter      : Filter 'resourceUrlEncodingFilter' configured for use
2023-11-02T07:44:51.704+03:00  INFO 87475 --- [restartedMain] o.s.o.j.p.SpringPersistenceUnitInfo      : No LoadTimeWeaver setup: ignoring JPA class transformer
2023-11-02T07:44:51.893+03:00  INFO 87475 --- [restartedMain] j.LocalContainerEntityManagerFactoryBean : Initialized JPA EntityManagerFactory for persistence unit 'default'
2023-11-02T07:44:51.962+03:00  WARN 87475 --- [restartedMain] JpaBaseConfiguration$JpaWebConfiguration : spring.jpa.open-in-view is enabled by default. Therefore, database queries may be performed during view rendering. Explicitly configure spring.jpa.open-in-view to disable this warning
2023-11-02T07:44:52.026+03:00 DEBUG 87475 --- [restartedMain] s.w.s.m.m.a.RequestMappingHandlerAdapter : ControllerAdvice beans: 0 @ModelAttribute, 0 @InitBinder, 1 RequestBodyAdvice, 1 ResponseBodyAdvice
2023-11-02T07:44:52.043+03:00  INFO 87475 --- [restartedMain] o.s.b.a.w.s.WelcomePageHandlerMapping    : Adding welcome page template: index
2023-11-02T07:44:52.072+03:00 DEBUG 87475 --- [restartedMain] s.w.s.m.m.a.RequestMappingHandlerMapping : 6 mappings in 'requestMappingHandlerMapping'
2023-11-02T07:44:52.244+03:00 DEBUG 87475 --- [restartedMain] o.s.w.s.handler.SimpleUrlHandlerMapping  : Patterns [/webjars/**, /**, /swagger-ui*/*swagger-initializer.js, /swagger-ui*/**] in 'resourceHandlerMapping'
2023-11-02T07:44:52.249+03:00 DEBUG 87475 --- [restartedMain] .m.m.a.ExceptionHandlerExceptionResolver : ControllerAdvice beans: 1 @ExceptionHandler, 1 ResponseBodyAdvice
2023-11-02T07:44:52.460+03:00  WARN 87475 --- [restartedMain] o.s.b.d.a.OptionalLiveReloadServer       : Unable to start LiveReload server
2023-11-02T07:44:52.462+03:00  INFO 87475 --- [restartedMain] o.s.b.a.e.web.EndpointLinksResolver      : Exposing 16 endpoint(s) beneath base path '/actuator'
2023-11-02T07:44:52.508+03:00  INFO 87475 --- [restartedMain] o.s.b.w.embedded.tomcat.TomcatWebServer  : Tomcat started on port(s): 4444 (http) with context path ''
2023-11-02T07:44:52.519+03:00  INFO 87475 --- [restartedMain] evelopmentBootcampSpringReactApplication : Started IntermediateFullStackDevelopmentBootcampSpringReactApplication in 2.235 seconds (process running for 2.526)
2023-11-02T07:44:52.798+03:00  INFO 87475 --- [RMI TCP Connection(2)-127.0.0.1] o.a.c.c.C.[Tomcat].[localhost].[/]       : Initializing Spring DispatcherServlet 'dispatcherServlet'
2023-11-02T07:44:52.798+03:00  INFO 87475 --- [RMI TCP Connection(2)-127.0.0.1] o.s.web.servlet.DispatcherServlet        : Initializing Servlet 'dispatcherServlet'
2023-11-02T07:44:52.798+03:00 DEBUG 87475 --- [RMI TCP Connection(2)-127.0.0.1] o.s.web.servlet.DispatcherServlet        : Detected StandardServletMultipartResolver
2023-11-02T07:44:52.799+03:00 DEBUG 87475 --- [RMI TCP Connection(2)-127.0.0.1] o.s.web.servlet.DispatcherServlet        : Detected AcceptHeaderLocaleResolver
2023-11-02T07:44:52.799+03:00 DEBUG 87475 --- [RMI TCP Connection(2)-127.0.0.1] o.s.web.servlet.DispatcherServlet        : Detected FixedThemeResolver
2023-11-02T07:44:52.799+03:00 DEBUG 87475 --- [RMI TCP Connection(2)-127.0.0.1] o.s.web.servlet.DispatcherServlet        : Detected org.springframework.web.servlet.view.DefaultRequestToViewNameTranslator@5bc2f496
2023-11-02T07:44:52.799+03:00 DEBUG 87475 --- [RMI TCP Connection(2)-127.0.0.1] o.s.web.servlet.DispatcherServlet        : Detected org.springframework.web.servlet.support.SessionFlashMapManager@381fc35a
2023-11-02T07:44:52.800+03:00 DEBUG 87475 --- [RMI TCP Connection(2)-127.0.0.1] o.s.web.servlet.DispatcherServlet        : enableLoggingRequestDetails='false': request parameters and headers will be masked to prevent unsafe logging of potentially sensitive data
2023-11-02T07:44:52.800+03:00  INFO 87475 --- [RMI TCP Connection(2)-127.0.0.1] o.s.web.servlet.DispatcherServlet        : Completed initialization in 2 ms
2023-11-02T07:45:11.051+03:00  INFO 87475 --- [File Watcher] rtingClassPathChangeChangedEventListener : Restarting due to 13 class path changes (0 additions, 1 deletion, 12 modifications)
2023-11-02T07:45:11.072+03:00  INFO 87475 --- [Thread-1] o.apache.catalina.core.StandardService   : Stopping service [Tomcat]
2023-11-02T07:45:11.074+03:00  INFO 87475 --- [Thread-1] o.a.c.c.C.[Tomcat].[localhost].[/]       : Destroying Spring FrameworkServlet 'dispatcherServlet'
2023-11-02T07:45:11.094+03:00  INFO 87475 --- [Thread-1] j.LocalContainerEntityManagerFactoryBean : Closing JPA EntityManagerFactory for persistence unit 'default'
2023-11-02T07:45:11.112+03:00  INFO 87475 --- [Thread-1] com.zaxxer.hikari.HikariDataSource       : HikariPool-1 - Shutdown initiated...
2023-11-02T07:45:11.142+03:00  INFO 87475 --- [Thread-1] com.zaxxer.hikari.HikariDataSource       : HikariPool-1 - Shutdown completed.
2023-11-02T10:15:11.321+05:30  INFO 87475 --- [restartedMain] evelopmentBootcampSpringReactApplication : Starting IntermediateFullStackDevelopmentBootcampSpringReactApplication using Java 17.0.9 with PID 87475 (/Users/omer/Desktop/projects/IntermediateFullStactDevelopment_Bootcamp_SpringReact/target/classes started by omer in /Users/omer/Desktop/projects/IntermediateFullStactDevelopment_Bootcamp_SpringReact)
2023-11-02T10:15:11.326+05:30  INFO 87475 --- [restartedMain] evelopmentBootcampSpringReactApplication : The following 1 profile is active: "frontend"
2023-11-02T10:15:11.664+05:30  INFO 87475 --- [restartedMain] .s.d.r.c.RepositoryConfigurationDelegate : Bootstrapping Spring Data JPA repositories in DEFAULT mode.
2023-11-02T10:15:11.665+05:30  INFO 87475 --- [restartedMain] .s.d.r.c.RepositoryConfigurationDelegate : Finished Spring Data repository scanning in 0 ms. Found 0 JPA repository interfaces.
2023-11-02T10:15:11.873+05:30  INFO 87475 --- [restartedMain] o.s.b.w.embedded.tomcat.TomcatWebServer  : Tomcat initialized with port(s): 4444 (http)
2023-11-02T10:15:11.873+05:30  INFO 87475 --- [restartedMain] o.apache.catalina.core.StandardService   : Starting service [Tomcat]
2023-11-02T10:15:11.874+05:30  INFO 87475 --- [restartedMain] o.apache.catalina.core.StandardEngine    : Starting Servlet engine: [Apache Tomcat/10.1.15]
2023-11-02T10:15:11.888+05:30  INFO 87475 --- [restartedMain] o.a.c.c.C.[Tomcat].[localhost].[/]       : Initializing Spring embedded WebApplicationContext
2023-11-02T10:15:11.889+05:30  INFO 87475 --- [restartedMain] w.s.c.ServletWebServerApplicationContext : Root WebApplicationContext: initialization completed in 551 ms
2023-11-02T10:15:11.914+05:30  INFO 87475 --- [restartedMain] com.zaxxer.hikari.HikariDataSource       : HikariPool-2 - Starting...
2023-11-02T10:15:11.920+05:30  INFO 87475 --- [restartedMain] com.zaxxer.hikari.pool.HikariPool        : HikariPool-2 - Added connection conn10: url=jdbc:h2:file:./memory_persist/blog user=SA
2023-11-02T10:15:11.921+05:30  INFO 87475 --- [restartedMain] com.zaxxer.hikari.HikariDataSource       : HikariPool-2 - Start completed.
2023-11-02T10:15:11.922+05:30  INFO 87475 --- [restartedMain] o.s.b.a.h2.H2ConsoleAutoConfiguration    : H2 console available at '/h2-console'. Database available at 'jdbc:h2:file:./memory_persist/blog'
2023-11-02T10:15:11.941+05:30 DEBUG 87475 --- [restartedMain] o.s.w.f.ServerHttpObservationFilter      : Filter 'webMvcObservationFilter' configured for use
2023-11-02T10:15:11.941+05:30 DEBUG 87475 --- [restartedMain] o.s.w.s.r.ResourceUrlEncodingFilter      : Filter 'resourceUrlEncodingFilter' configured for use
2023-11-02T10:15:11.962+05:30  INFO 87475 --- [restartedMain] o.s.o.j.p.SpringPersistenceUnitInfo      : No LoadTimeWeaver setup: ignoring JPA class transformer
2023-11-02T10:15:11.971+05:30  INFO 87475 --- [restartedMain] j.LocalContainerEntityManagerFactoryBean : Initialized JPA EntityManagerFactory for persistence unit 'default'
2023-11-02T10:15:11.997+05:30  WARN 87475 --- [restartedMain] JpaBaseConfiguration$JpaWebConfiguration : spring.jpa.open-in-view is enabled by default. Therefore, database queries may be performed during view rendering. Explicitly configure spring.jpa.open-in-view to disable this warning
2023-11-02T10:15:12.025+05:30 DEBUG 87475 --- [restartedMain] s.w.s.m.m.a.RequestMappingHandlerAdapter : ControllerAdvice beans: 0 @ModelAttribute, 0 @InitBinder, 1 RequestBodyAdvice, 1 ResponseBodyAdvice
2023-11-02T10:15:12.028+05:30  INFO 87475 --- [restartedMain] o.s.b.a.w.s.WelcomePageHandlerMapping    : Adding welcome page template: index
2023-11-02T10:15:12.038+05:30 DEBUG 87475 --- [restartedMain] s.w.s.m.m.a.RequestMappingHandlerMapping : 6 mappings in 'requestMappingHandlerMapping'
2023-11-02T10:15:12.184+05:30 DEBUG 87475 --- [restartedMain] o.s.w.s.handler.SimpleUrlHandlerMapping  : Patterns [/webjars/**, /**, /swagger-ui*/*swagger-initializer.js, /swagger-ui*/**] in 'resourceHandlerMapping'
2023-11-02T10:15:12.188+05:30 DEBUG 87475 --- [restartedMain] .m.m.a.ExceptionHandlerExceptionResolver : ControllerAdvice beans: 1 @ExceptionHandler, 1 ResponseBodyAdvice
2023-11-02T10:15:12.266+05:30  WARN 87475 --- [restartedMain] o.s.b.d.a.OptionalLiveReloadServer       : Unable to start LiveReload server
2023-11-02T10:15:12.268+05:30  INFO 87475 --- [restartedMain] o.s.b.a.e.web.EndpointLinksResolver      : Exposing 16 endpoint(s) beneath base path '/actuator'
2023-11-02T10:15:12.286+05:30  INFO 87475 --- [restartedMain] o.s.b.w.embedded.tomcat.TomcatWebServer  : Tomcat started on port(s): 4444 (http) with context path ''
2023-11-02T10:15:12.293+05:30  INFO 87475 --- [restartedMain] evelopmentBootcampSpringReactApplication : Started IntermediateFullStackDevelopmentBootcampSpringReactApplication in 1.019 seconds (process running for 22.3)
2023-11-02T10:15:12.295+05:30  INFO 87475 --- [restartedMain] .ConditionEvaluationDeltaLoggingListener : Condition evaluation unchanged
2023-11-02T10:15:13.682+05:30  INFO 87475 --- [File Watcher] rtingClassPathChangeChangedEventListener : Restarting due to 1 class path change (1 addition, 0 deletions, 0 modifications)
2023-11-02T10:15:13.690+05:30  INFO 87475 --- [Thread-6] o.apache.catalina.core.StandardService   : Stopping service [Tomcat]
2023-11-02T10:15:13.697+05:30  INFO 87475 --- [Thread-6] j.LocalContainerEntityManagerFactoryBean : Closing JPA EntityManagerFactory for persistence unit 'default'
2023-11-02T10:15:13.698+05:30  INFO 87475 --- [Thread-6] com.zaxxer.hikari.HikariDataSource       : HikariPool-2 - Shutdown initiated...
2023-11-02T10:15:13.720+05:30  INFO 87475 --- [Thread-6] com.zaxxer.hikari.HikariDataSource       : HikariPool-2 - Shutdown completed.
2023-11-02T10:15:13.765+05:30  INFO 87475 --- [restartedMain] evelopmentBootcampSpringReactApplication : Starting IntermediateFullStackDevelopmentBootcampSpringReactApplication using Java 17.0.9 with PID 87475 (/Users/omer/Desktop/projects/IntermediateFullStactDevelopment_Bootcamp_SpringReact/target/classes started by omer in /Users/omer/Desktop/projects/IntermediateFullStactDevelopment_Bootcamp_SpringReact)
2023-11-02T10:15:13.765+05:30  INFO 87475 --- [restartedMain] evelopmentBootcampSpringReactApplication : The following 1 profile is active: "frontend"
2023-11-02T10:15:13.882+05:30  INFO 87475 --- [restartedMain] .s.d.r.c.RepositoryConfigurationDelegate : Bootstrapping Spring Data JPA repositories in DEFAULT mode.
2023-11-02T10:15:13.883+05:30  INFO 87475 --- [restartedMain] .s.d.r.c.RepositoryConfigurationDelegate : Finished Spring Data repository scanning in 0 ms. Found 0 JPA repository interfaces.
2023-11-02T10:15:13.938+05:30  INFO 87475 --- [restartedMain] o.s.b.w.embedded.tomcat.TomcatWebServer  : Tomcat initialized with port(s): 4444 (http)
2023-11-02T10:15:13.938+05:30  INFO 87475 --- [restartedMain] o.apache.catalina.core.StandardService   : Starting service [Tomcat]
2023-11-02T10:15:13.938+05:30  INFO 87475 --- [restartedMain] o.apache.catalina.core.StandardEngine    : Starting Servlet engine: [Apache Tomcat/10.1.15]
2023-11-02T10:15:13.943+05:30  INFO 87475 --- [restartedMain] o.a.c.c.C.[Tomcat].[localhost].[/]       : Initializing Spring embedded WebApplicationContext
2023-11-02T10:15:13.944+05:30  INFO 87475 --- [restartedMain] w.s.c.ServletWebServerApplicationContext : Root WebApplicationContext: initialization completed in 178 ms
2023-11-02T10:15:13.958+05:30  INFO 87475 --- [restartedMain] com.zaxxer.hikari.HikariDataSource       : HikariPool-3 - Starting...
2023-11-02T10:15:13.960+05:30  INFO 87475 --- [restartedMain] com.zaxxer.hikari.pool.HikariPool        : HikariPool-3 - Added connection conn20: url=jdbc:h2:file:./memory_persist/blog user=SA
2023-11-02T10:15:13.960+05:30  INFO 87475 --- [restartedMain] com.zaxxer.hikari.HikariDataSource       : HikariPool-3 - Start completed.
2023-11-02T10:15:13.960+05:30  INFO 87475 --- [restartedMain] o.s.b.a.h2.H2ConsoleAutoConfiguration    : H2 console available at '/h2-console'. Database available at 'jdbc:h2:file:./memory_persist/blog'
2023-11-02T10:15:13.972+05:30 DEBUG 87475 --- [restartedMain] o.s.w.f.ServerHttpObservationFilter      : Filter 'webMvcObservationFilter' configured for use
2023-11-02T10:15:13.972+05:30 DEBUG 87475 --- [restartedMain] o.s.w.s.r.ResourceUrlEncodingFilter      : Filter 'resourceUrlEncodingFilter' configured for use
2023-11-02T10:15:13.984+05:30  INFO 87475 --- [restartedMain] o.s.o.j.p.SpringPersistenceUnitInfo      : No LoadTimeWeaver setup: ignoring JPA class transformer
2023-11-02T10:15:13.989+05:30  INFO 87475 --- [restartedMain] j.LocalContainerEntityManagerFactoryBean : Initialized JPA EntityManagerFactory for persistence unit 'default'
2023-11-02T10:15:14.008+05:30  WARN 87475 --- [restartedMain] JpaBaseConfiguration$JpaWebConfiguration : spring.jpa.open-in-view is enabled by default. Therefore, database queries may be performed during view rendering. Explicitly configure spring.jpa.open-in-view to disable this warning
2023-11-02T10:15:14.029+05:30 DEBUG 87475 --- [restartedMain] s.w.s.m.m.a.RequestMappingHandlerAdapter : ControllerAdvice beans: 0 @ModelAttribute, 0 @InitBinder, 1 RequestBodyAdvice, 1 ResponseBodyAdvice
2023-11-02T10:15:14.032+05:30  INFO 87475 --- [restartedMain] o.s.b.a.w.s.WelcomePageHandlerMapping    : Adding welcome page template: index
2023-11-02T10:15:14.039+05:30 DEBUG 87475 --- [restartedMain] s.w.s.m.m.a.RequestMappingHandlerMapping : 6 mappings in 'requestMappingHandlerMapping'
2023-11-02T10:15:14.130+05:30 DEBUG 87475 --- [restartedMain] o.s.w.s.handler.SimpleUrlHandlerMapping  : Patterns [/webjars/**, /**, /swagger-ui*/*swagger-initializer.js, /swagger-ui*/**] in 'resourceHandlerMapping'
2023-11-02T10:15:14.133+05:30 DEBUG 87475 --- [restartedMain] .m.m.a.ExceptionHandlerExceptionResolver : ControllerAdvice beans: 1 @ExceptionHandler, 1 ResponseBodyAdvice
2023-11-02T10:15:14.209+05:30  WARN 87475 --- [restartedMain] o.s.b.d.a.OptionalLiveReloadServer       : Unable to start LiveReload server
2023-11-02T10:15:14.211+05:30  INFO 87475 --- [restartedMain] o.s.b.a.e.web.EndpointLinksResolver      : Exposing 16 endpoint(s) beneath base path '/actuator'
2023-11-02T10:15:14.232+05:30  INFO 87475 --- [restartedMain] o.s.b.w.embedded.tomcat.TomcatWebServer  : Tomcat started on port(s): 4444 (http) with context path ''
2023-11-02T10:15:14.238+05:30  INFO 87475 --- [restartedMain] evelopmentBootcampSpringReactApplication : Started IntermediateFullStackDevelopmentBootcampSpringReactApplication in 0.485 seconds (process running for 24.245)
2023-11-02T10:15:14.239+05:30  INFO 87475 --- [restartedMain] .ConditionEvaluationDeltaLoggingListener : Condition evaluation unchanged
2023-11-02T10:15:48.912+05:30  INFO 87475 --- [File Watcher] rtingClassPathChangeChangedEventListener : Restarting due to 1 class path change (0 additions, 0 deletions, 1 modification)
2023-11-02T10:15:48.924+05:30  INFO 87475 --- [Thread-10] o.apache.catalina.core.StandardService   : Stopping service [Tomcat]
2023-11-02T10:15:48.928+05:30  INFO 87475 --- [Thread-10] j.LocalContainerEntityManagerFactoryBean : Closing JPA EntityManagerFactory for persistence unit 'default'
2023-11-02T10:15:48.930+05:30  INFO 87475 --- [Thread-10] com.zaxxer.hikari.HikariDataSource       : HikariPool-3 - Shutdown initiated...
2023-11-02T10:15:48.942+05:30  INFO 87475 --- [Thread-10] com.zaxxer.hikari.HikariDataSource       : HikariPool-3 - Shutdown completed.
2023-11-02T10:15:49.002+05:30  INFO 87475 --- [restartedMain] evelopmentBootcampSpringReactApplication : Starting IntermediateFullStackDevelopmentBootcampSpringReactApplication using Java 17.0.9 with PID 87475 (/Users/omer/Desktop/projects/IntermediateFullStactDevelopment_Bootcamp_SpringReact/target/classes started by omer in /Users/omer/Desktop/projects/IntermediateFullStactDevelopment_Bootcamp_SpringReact)
2023-11-02T10:15:49.002+05:30  INFO 87475 --- [restartedMain] evelopmentBootcampSpringReactApplication : The following 1 profile is active: "frontend"
2023-11-02T10:15:49.137+05:30  INFO 87475 --- [restartedMain] .s.d.r.c.RepositoryConfigurationDelegate : Bootstrapping Spring Data JPA repositories in DEFAULT mode.
2023-11-02T10:15:49.138+05:30  INFO 87475 --- [restartedMain] .s.d.r.c.RepositoryConfigurationDelegate : Finished Spring Data repository scanning in 0 ms. Found 0 JPA repository interfaces.
2023-11-02T10:15:49.193+05:30  INFO 87475 --- [restartedMain] o.s.b.w.embedded.tomcat.TomcatWebServer  : Tomcat initialized with port(s): 4444 (http)
2023-11-02T10:15:49.193+05:30  INFO 87475 --- [restartedMain] o.apache.catalina.core.StandardService   : Starting service [Tomcat]
2023-11-02T10:15:49.193+05:30  INFO 87475 --- [restartedMain] o.apache.catalina.core.StandardEngine    : Starting Servlet engine: [Apache Tomcat/10.1.15]
2023-11-02T10:15:49.199+05:30  INFO 87475 --- [restartedMain] o.a.c.c.C.[Tomcat].[localhost].[/]       : Initializing Spring embedded WebApplicationContext
2023-11-02T10:15:49.199+05:30  INFO 87475 --- [restartedMain] w.s.c.ServletWebServerApplicationContext : Root WebApplicationContext: initialization completed in 196 ms
2023-11-02T10:15:49.214+05:30  INFO 87475 --- [restartedMain] com.zaxxer.hikari.HikariDataSource       : HikariPool-4 - Starting...
2023-11-02T10:15:49.219+05:30  INFO 87475 --- [restartedMain] com.zaxxer.hikari.pool.HikariPool        : HikariPool-4 - Added connection conn30: url=jdbc:h2:file:./memory_persist/blog user=SA
2023-11-02T10:15:49.219+05:30  INFO 87475 --- [restartedMain] com.zaxxer.hikari.HikariDataSource       : HikariPool-4 - Start completed.
2023-11-02T10:15:49.219+05:30  INFO 87475 --- [restartedMain] o.s.b.a.h2.H2ConsoleAutoConfiguration    : H2 console available at '/h2-console'. Database available at 'jdbc:h2:file:./memory_persist/blog'
2023-11-02T10:15:49.231+05:30 DEBUG 87475 --- [restartedMain] o.s.w.f.ServerHttpObservationFilter      : Filter 'webMvcObservationFilter' configured for use
2023-11-02T10:15:49.231+05:30 DEBUG 87475 --- [restartedMain] o.s.w.s.r.ResourceUrlEncodingFilter      : Filter 'resourceUrlEncodingFilter' configured for use
2023-11-02T10:15:49.243+05:30  INFO 87475 --- [restartedMain] o.s.o.j.p.SpringPersistenceUnitInfo      : No LoadTimeWeaver setup: ignoring JPA class transformer
2023-11-02T10:15:49.249+05:30  INFO 87475 --- [restartedMain] j.LocalContainerEntityManagerFactoryBean : Initialized JPA EntityManagerFactory for persistence unit 'default'
2023-11-02T10:15:49.267+05:30  WARN 87475 --- [restartedMain] JpaBaseConfiguration$JpaWebConfiguration : spring.jpa.open-in-view is enabled by default. Therefore, database queries may be performed during view rendering. Explicitly configure spring.jpa.open-in-view to disable this warning
2023-11-02T10:15:49.289+05:30 DEBUG 87475 --- [restartedMain] s.w.s.m.m.a.RequestMappingHandlerAdapter : ControllerAdvice beans: 0 @ModelAttribute, 0 @InitBinder, 1 RequestBodyAdvice, 1 ResponseBodyAdvice
2023-11-02T10:15:49.292+05:30  INFO 87475 --- [restartedMain] o.s.b.a.w.s.WelcomePageHandlerMapping    : Adding welcome page template: index
2023-11-02T10:15:49.298+05:30 DEBUG 87475 --- [restartedMain] s.w.s.m.m.a.RequestMappingHandlerMapping : 6 mappings in 'requestMappingHandlerMapping'
2023-11-02T10:15:49.400+05:30 DEBUG 87475 --- [restartedMain] o.s.w.s.handler.SimpleUrlHandlerMapping  : Patterns [/webjars/**, /**, /swagger-ui*/*swagger-initializer.js, /swagger-ui*/**] in 'resourceHandlerMapping'
2023-11-02T10:15:49.406+05:30 DEBUG 87475 --- [restartedMain] .m.m.a.ExceptionHandlerExceptionResolver : ControllerAdvice beans: 1 @ExceptionHandler, 1 ResponseBodyAdvice
2023-11-02T10:15:49.486+05:30  WARN 87475 --- [restartedMain] o.s.b.d.a.OptionalLiveReloadServer       : Unable to start LiveReload server
2023-11-02T10:15:49.488+05:30  INFO 87475 --- [restartedMain] o.s.b.a.e.web.EndpointLinksResolver      : Exposing 16 endpoint(s) beneath base path '/actuator'
2023-11-02T10:15:49.504+05:30  INFO 87475 --- [restartedMain] o.s.b.w.embedded.tomcat.TomcatWebServer  : Tomcat started on port(s): 4444 (http) with context path ''
2023-11-02T10:15:49.510+05:30  INFO 87475 --- [restartedMain] evelopmentBootcampSpringReactApplication : Started IntermediateFullStackDevelopmentBootcampSpringReactApplication in 0.522 seconds (process running for 59.517)
2023-11-02T10:15:49.511+05:30  INFO 87475 --- [restartedMain] .ConditionEvaluationDeltaLoggingListener : Condition evaluation unchanged
2023-11-02T10:16:16.030+05:30  INFO 87475 --- [SpringApplicationShutdownHook] j.LocalContainerEntityManagerFactoryBean : Closing JPA EntityManagerFactory for persistence unit 'default'
2023-11-02T10:16:16.031+05:30  INFO 87475 --- [SpringApplicationShutdownHook] com.zaxxer.hikari.HikariDataSource       : HikariPool-4 - Shutdown initiated...
2023-11-02T10:16:16.032+05:30  INFO 87475 --- [SpringApplicationShutdownHook] com.zaxxer.hikari.HikariDataSource       : HikariPool-4 - Shutdown completed.
2023-11-02T07:46:17.737+03:00  INFO 87609 --- [restartedMain] evelopmentBootcampSpringReactApplication : Starting IntermediateFullStackDevelopmentBootcampSpringReactApplication using Java 17.0.9 with PID 87609 (/Users/omer/Desktop/projects/IntermediateFullStactDevelopment_Bootcamp_SpringReact/target/classes started by omer in /Users/omer/Desktop/projects/IntermediateFullStactDevelopment_Bootcamp_SpringReact)
2023-11-02T07:46:17.738+03:00  INFO 87609 --- [restartedMain] evelopmentBootcampSpringReactApplication : The following 1 profile is active: "frontend"
2023-11-02T07:46:17.758+03:00  INFO 87609 --- [restartedMain] .e.DevToolsPropertyDefaultsPostProcessor : Devtools property defaults active! Set 'spring.devtools.add-properties' to 'false' to disable
2023-11-02T07:46:17.758+03:00  INFO 87609 --- [restartedMain] .e.DevToolsPropertyDefaultsPostProcessor : For additional web related logging consider setting the 'logging.level.web' property to 'DEBUG'
2023-11-02T07:46:18.541+03:00  INFO 87609 --- [restartedMain] .s.d.r.c.RepositoryConfigurationDelegate : Bootstrapping Spring Data JPA repositories in DEFAULT mode.
2023-11-02T07:46:18.553+03:00  INFO 87609 --- [restartedMain] .s.d.r.c.RepositoryConfigurationDelegate : Finished Spring Data repository scanning in 7 ms. Found 0 JPA repository interfaces.
2023-11-02T07:46:18.858+03:00  INFO 87609 --- [restartedMain] o.s.b.w.embedded.tomcat.TomcatWebServer  : Tomcat initialized with port(s): 4444 (http)
2023-11-02T07:46:18.864+03:00  INFO 87609 --- [restartedMain] o.apache.catalina.core.StandardService   : Starting service [Tomcat]
2023-11-02T07:46:18.864+03:00  INFO 87609 --- [restartedMain] o.apache.catalina.core.StandardEngine    : Starting Servlet engine: [Apache Tomcat/10.1.15]
2023-11-02T07:46:18.892+03:00  INFO 87609 --- [restartedMain] o.a.c.c.C.[Tomcat].[localhost].[/]       : Initializing Spring embedded WebApplicationContext
2023-11-02T07:46:18.893+03:00  INFO 87609 --- [restartedMain] w.s.c.ServletWebServerApplicationContext : Root WebApplicationContext: initialization completed in 1135 ms
2023-11-02T07:46:18.941+03:00  INFO 87609 --- [restartedMain] com.zaxxer.hikari.HikariDataSource       : HikariPool-1 - Starting...
2023-11-02T07:46:19.066+03:00  INFO 87609 --- [restartedMain] com.zaxxer.hikari.pool.HikariPool        : HikariPool-1 - Added connection conn0: url=jdbc:h2:file:./memory_persist/blog user=SA
2023-11-02T07:46:19.067+03:00  INFO 87609 --- [restartedMain] com.zaxxer.hikari.HikariDataSource       : HikariPool-1 - Start completed.
2023-11-02T07:46:19.073+03:00  INFO 87609 --- [restartedMain] o.s.b.a.h2.H2ConsoleAutoConfiguration    : H2 console available at '/h2-console'. Database available at 'jdbc:h2:file:./memory_persist/blog'
2023-11-02T07:46:19.110+03:00 DEBUG 87609 --- [restartedMain] o.s.w.f.ServerHttpObservationFilter      : Filter 'webMvcObservationFilter' configured for use
2023-11-02T07:46:19.110+03:00 DEBUG 87609 --- [restartedMain] o.s.w.s.r.ResourceUrlEncodingFilter      : Filter 'resourceUrlEncodingFilter' configured for use
2023-11-02T07:46:19.319+03:00  INFO 87609 --- [restartedMain] o.s.o.j.p.SpringPersistenceUnitInfo      : No LoadTimeWeaver setup: ignoring JPA class transformer
2023-11-02T07:46:19.498+03:00  INFO 87609 --- [restartedMain] j.LocalContainerEntityManagerFactoryBean : Initialized JPA EntityManagerFactory for persistence unit 'default'
2023-11-02T07:46:19.562+03:00  WARN 87609 --- [restartedMain] JpaBaseConfiguration$JpaWebConfiguration : spring.jpa.open-in-view is enabled by default. Therefore, database queries may be performed during view rendering. Explicitly configure spring.jpa.open-in-view to disable this warning
2023-11-02T07:46:19.625+03:00 DEBUG 87609 --- [restartedMain] s.w.s.m.m.a.RequestMappingHandlerAdapter : ControllerAdvice beans: 0 @ModelAttribute, 0 @InitBinder, 1 RequestBodyAdvice, 1 ResponseBodyAdvice
2023-11-02T07:46:19.641+03:00  INFO 87609 --- [restartedMain] o.s.b.a.w.s.WelcomePageHandlerMapping    : Adding welcome page template: index
2023-11-02T07:46:19.669+03:00 DEBUG 87609 --- [restartedMain] s.w.s.m.m.a.RequestMappingHandlerMapping : 6 mappings in 'requestMappingHandlerMapping'
2023-11-02T07:46:19.834+03:00 DEBUG 87609 --- [restartedMain] o.s.w.s.handler.SimpleUrlHandlerMapping  : Patterns [/webjars/**, /**, /swagger-ui*/*swagger-initializer.js, /swagger-ui*/**] in 'resourceHandlerMapping'
2023-11-02T07:46:19.840+03:00 DEBUG 87609 --- [restartedMain] .m.m.a.ExceptionHandlerExceptionResolver : ControllerAdvice beans: 1 @ExceptionHandler, 1 ResponseBodyAdvice
2023-11-02T07:46:20.061+03:00  WARN 87609 --- [restartedMain] o.s.b.d.a.OptionalLiveReloadServer       : Unable to start LiveReload server
2023-11-02T07:46:20.064+03:00  INFO 87609 --- [restartedMain] o.s.b.a.e.web.EndpointLinksResolver      : Exposing 16 endpoint(s) beneath base path '/actuator'
2023-11-02T07:46:20.108+03:00  INFO 87609 --- [restartedMain] o.s.b.w.embedded.tomcat.TomcatWebServer  : Tomcat started on port(s): 4444 (http) with context path ''
2023-11-02T07:46:20.119+03:00  INFO 87609 --- [restartedMain] evelopmentBootcampSpringReactApplication : Started IntermediateFullStackDevelopmentBootcampSpringReactApplication in 2.564 seconds (process running for 2.827)
2023-11-02T07:46:20.571+03:00  INFO 87609 --- [RMI TCP Connection(3)-127.0.0.1] o.a.c.c.C.[Tomcat].[localhost].[/]       : Initializing Spring DispatcherServlet 'dispatcherServlet'
2023-11-02T07:46:20.571+03:00  INFO 87609 --- [RMI TCP Connection(3)-127.0.0.1] o.s.web.servlet.DispatcherServlet        : Initializing Servlet 'dispatcherServlet'
2023-11-02T07:46:20.571+03:00 DEBUG 87609 --- [RMI TCP Connection(3)-127.0.0.1] o.s.web.servlet.DispatcherServlet        : Detected StandardServletMultipartResolver
2023-11-02T07:46:20.571+03:00 DEBUG 87609 --- [RMI TCP Connection(3)-127.0.0.1] o.s.web.servlet.DispatcherServlet        : Detected AcceptHeaderLocaleResolver
2023-11-02T07:46:20.571+03:00 DEBUG 87609 --- [RMI TCP Connection(3)-127.0.0.1] o.s.web.servlet.DispatcherServlet        : Detected FixedThemeResolver
2023-11-02T07:46:20.572+03:00 DEBUG 87609 --- [RMI TCP Connection(3)-127.0.0.1] o.s.web.servlet.DispatcherServlet        : Detected org.springframework.web.servlet.view.DefaultRequestToViewNameTranslator@6a342b9d
2023-11-02T07:46:20.572+03:00 DEBUG 87609 --- [RMI TCP Connection(3)-127.0.0.1] o.s.web.servlet.DispatcherServlet        : Detected org.springframework.web.servlet.support.SessionFlashMapManager@375ffc8a
2023-11-02T07:46:20.573+03:00 DEBUG 87609 --- [RMI TCP Connection(3)-127.0.0.1] o.s.web.servlet.DispatcherServlet        : enableLoggingRequestDetails='false': request parameters and headers will be masked to prevent unsafe logging of potentially sensitive data
2023-11-02T07:46:20.574+03:00  INFO 87609 --- [RMI TCP Connection(3)-127.0.0.1] o.s.web.servlet.DispatcherServlet        : Completed initialization in 2 ms
